f:\user\documents\github\textengine\textadventure\debug\vc140.pdb
f:\user\documents\github\textengine\textadventure\debug\vc140.idb
f:\user\documents\github\textengine\textadventure\debug\dialogtree.obj
f:\user\documents\github\textengine\textadventure\debug\dice.obj
f:\user\documents\github\textengine\textadventure\debug\enemies.obj
f:\user\documents\github\textengine\textadventure\debug\gameworld.obj
f:\user\documents\github\textengine\textadventure\debug\item.obj
f:\user\documents\github\textengine\textadventure\debug\location.obj
f:\user\documents\github\textengine\textadventure\debug\main.obj
f:\user\documents\github\textengine\textadventure\debug\maingame.obj
f:\user\documents\github\textengine\textadventure\debug\npc.obj
f:\user\documents\github\textengine\textadventure\debug\object.obj
f:\user\documents\github\textengine\textadventure\debug\player.obj
f:\user\documents\github\textengine\textadventure\debug\saveloadcontrol.obj
f:\user\documents\github\textengine\textadventure\debug\statblock.obj
f:\user\documents\github\textengine\textadventure\debug\weapon.obj
f:\user\documents\github\textengine\textadventure\debug\battle.obj
f:\user\documents\github\textengine\debug\textadventure.ilk
f:\user\documents\github\textengine\debug\textadventure.exe
f:\user\documents\github\textengine\debug\textadventure.pdb
f:\user\documents\github\textengine\textadventure\debug\textadventure.res
c:\users\gabriel\documents\github\textengine\textadventure\debug\battle.obj
c:\users\gabriel\documents\github\textengine\textadventure\debug\dialogtree.obj
c:\users\gabriel\documents\github\textengine\textadventure\debug\dice.obj
c:\users\gabriel\documents\github\textengine\textadventure\debug\enemies.obj
c:\users\gabriel\documents\github\textengine\textadventure\debug\gameworld.obj
c:\users\gabriel\documents\github\textengine\textadventure\debug\item.obj
c:\users\gabriel\documents\github\textengine\textadventure\debug\location.obj
c:\users\gabriel\documents\github\textengine\textadventure\debug\main.obj
c:\users\gabriel\documents\github\textengine\textadventure\debug\maingame.obj
c:\users\gabriel\documents\github\textengine\textadventure\debug\npc.obj
c:\users\gabriel\documents\github\textengine\textadventure\debug\object.obj
c:\users\gabriel\documents\github\textengine\textadventure\debug\player.obj
c:\users\gabriel\documents\github\textengine\textadventure\debug\saveloadcontrol.obj
c:\users\gabriel\documents\github\textengine\textadventure\debug\statblock.obj
c:\users\gabriel\documents\github\textengine\textadventure\debug\weapon.obj
c:\users\gabriel\documents\github\textengine\textadventure\debug\textadventure.res
c:\users\gabriel\documents\github\textengine\textadventure\debug\vc140.idb
c:\users\gabriel\documents\github\textengine\textadventure\debug\vc140.pdb
c:\users\gabriel\documents\github\textengine\debug\textadventure.pdb
c:\users\gabriel\documents\github\textengine\debug\textadventure.exe
c:\users\gabriel\documents\github\textengine\debug\textadventure.ilk
c:\users\gabriel\documents\github\textengine\textadventure\debug\textadventure.tlog\cl.command.1.tlog
c:\users\gabriel\documents\github\textengine\textadventure\debug\textadventure.tlog\cl.read.1.tlog
c:\users\gabriel\documents\github\textengine\textadventure\debug\textadventure.tlog\cl.write.1.tlog
c:\users\gabriel\documents\github\textengine\textadventure\debug\textadventure.tlog\link.command.1.tlog
c:\users\gabriel\documents\github\textengine\textadventure\debug\textadventure.tlog\link.read.1.tlog
c:\users\gabriel\documents\github\textengine\textadventure\debug\textadventure.tlog\link.write.1.tlog
c:\users\gabriel\documents\github\textengine\textadventure\debug\textadventure.tlog\rc.command.1.tlog
c:\users\gabriel\documents\github\textengine\textadventure\debug\textadventure.tlog\rc.read.1.tlog
c:\users\gabriel\documents\github\textengine\textadventure\debug\textadventure.tlog\rc.write.1.tlog
