  Pixel.cpp
  InputControl.cpp
c:\users\satan\documents\github\textengine\textengine\inputcontrol.cpp(248): warning C4018: '<': signed/unsigned mismatch
c:\users\satan\documents\github\textengine\textengine\inputcontrol.cpp(277): warning C4018: '<': signed/unsigned mismatch
  InOutDataManager.cpp
  Unknown compiler version - please run the configure tests and report the results
  ImageCache.cpp
c:\users\satan\documents\github\textengine\textengine\imagecache.cpp(81): warning C4018: '<': signed/unsigned mismatch
  COutput.cpp
c:\users\satan\documents\github\textengine\textengine\coutput.cpp(65): warning C4018: '<': signed/unsigned mismatch
c:\users\satan\documents\github\textengine\textengine\coutput.cpp(107): warning C4018: '<': signed/unsigned mismatch
c:\users\satan\documents\github\textengine\textengine\coutput.cpp(284): warning C4018: '<': signed/unsigned mismatch
c:\users\satan\documents\github\textengine\textengine\coutput.cpp(366): warning C4244: 'initializing': conversion from 'double' to 'int', possible loss of data
c:\users\satan\documents\github\textengine\textengine\coutput.cpp(385): warning C4244: 'initializing': conversion from 'double' to 'int', possible loss of data
  ConsoleZone.cpp
  ConsoleProp.cpp
  Generating Code...
c:\users\satan\documents\github\textengine\textengine\coutput.cpp(138): warning C4715: 'TxtEgn::COutput::AlignString': not all control paths return a value
c:\users\satan\documents\github\textengine\textengine\coutput.cpp(359): warning C4715: 'TxtEgn::COutput::ImageAlign': not all control paths return a value
c:\users\satan\documents\github\textengine\textengine\coutput.cpp(425): warning C4715: 'TxtEgn::COutput::MenuOptions': not all control paths return a value
c:\users\satan\documents\github\textengine\textengine\imagecache.cpp(76): warning C4715: 'TxtEgn::ImageCache::LoadImageW': not all control paths return a value
  TextEngine.vcxproj -> C:\Users\Satan\Documents\GitHub\TextEngine\Debug\TextEngine.lib
