TextEngine.lib(InOutDataManager.obj) : error LNK2038: mismatch detected for '_ITERATOR_DEBUG_LEVEL': value '2' doesn't match value '0' in Battle.obj
TextEngine.lib(InOutDataManager.obj) : error LNK2038: mismatch detected for 'RuntimeLibrary': value 'MDd_DynamicDebug' doesn't match value 'MD_DynamicRelease' in Battle.obj
TextEngine.lib(InOutDataManager.obj) : warning LNK4075: ignoring '/EDITANDCONTINUE' due to '/OPT:ICF' specification
TextEngine.lib(ConsoleProp.obj) : error LNK2038: mismatch detected for '_ITERATOR_DEBUG_LEVEL': value '2' doesn't match value '0' in Battle.obj
TextEngine.lib(ConsoleProp.obj) : error LNK2038: mismatch detected for 'RuntimeLibrary': value 'MDd_DynamicDebug' doesn't match value 'MD_DynamicRelease' in Battle.obj
TextEngine.lib(COutput.obj) : error LNK2038: mismatch detected for '_ITERATOR_DEBUG_LEVEL': value '2' doesn't match value '0' in Battle.obj
TextEngine.lib(COutput.obj) : error LNK2038: mismatch detected for 'RuntimeLibrary': value 'MDd_DynamicDebug' doesn't match value 'MD_DynamicRelease' in Battle.obj
TextEngine.lib(InputControl.obj) : error LNK2038: mismatch detected for '_ITERATOR_DEBUG_LEVEL': value '2' doesn't match value '0' in Battle.obj
TextEngine.lib(InputControl.obj) : error LNK2038: mismatch detected for 'RuntimeLibrary': value 'MDd_DynamicDebug' doesn't match value 'MD_DynamicRelease' in Battle.obj
TextEngine.lib(ImageCache.obj) : error LNK2038: mismatch detected for '_ITERATOR_DEBUG_LEVEL': value '2' doesn't match value '0' in Battle.obj
TextEngine.lib(ImageCache.obj) : error LNK2038: mismatch detected for 'RuntimeLibrary': value 'MDd_DynamicDebug' doesn't match value 'MD_DynamicRelease' in Battle.obj
LINK : warning LNK4098: defaultlib 'MSVCRTD' conflicts with use of other libs; use /NODEFAULTLIB:library
TextEngine.lib(InOutDataManager.obj) : error LNK2001: unresolved external symbol __imp___invalid_parameter
TextEngine.lib(COutput.obj) : error LNK2001: unresolved external symbol __imp___invalid_parameter
TextEngine.lib(InputControl.obj) : error LNK2001: unresolved external symbol __imp___invalid_parameter
TextEngine.lib(ImageCache.obj) : error LNK2001: unresolved external symbol __imp___invalid_parameter
TextEngine.lib(InOutDataManager.obj) : error LNK2001: unresolved external symbol __imp___CrtDbgReportW
TextEngine.lib(COutput.obj) : error LNK2001: unresolved external symbol __imp___CrtDbgReportW
TextEngine.lib(InputControl.obj) : error LNK2001: unresolved external symbol __imp___CrtDbgReportW
TextEngine.lib(ImageCache.obj) : error LNK2001: unresolved external symbol __imp___CrtDbgReportW
C:\Users\Dean\Documents\GitHub\TextEngine\Release\TextAdventure.exe : fatal error LNK1120: 2 unresolved externals
